<?xml version="1.0" encoding="UTF-8"?>
<testsuite xmlns:xsi="http://www.w3.org/2001/XMLSchema-instance" xsi:noNamespaceSchemaLocation="https://maven.apache.org/surefire/maven-surefire-plugin/xsd/surefire-test-report-3.0.xsd" version="3.0" name="com.udacity.catpoint.security.service.SecurityServiceTest" time="2.9" tests="21" errors="0" skipped="0" failures="0">
  <properties>
    <property name="java.specification.version" value="18"/>
    <property name="sun.cpu.isalist" value="amd64"/>
    <property name="sun.jnu.encoding" value="Cp1252"/>
    <property name="java.class.path" value="C:\Users\tahao\OneDrive\Desktop\project 3\cd0384-java-application-deployment-projectstarter-master\starter\catpoint-parent\security\target\test-classes;C:\Users\tahao\OneDrive\Desktop\project 3\cd0384-java-application-deployment-projectstarter-master\starter\catpoint-parent\security\target\classes;C:\Users\tahao\OneDrive\Desktop\project 3\cd0384-java-application-deployment-projectstarter-master\starter\catpoint-parent\image\target\image-1.0-SNAPSHOT.jar;C:\Users\tahao\.m2\repository\software\amazon\awssdk\auth\2.17.273\auth-2.17.273.jar;C:\Users\tahao\.m2\repository\software\amazon\awssdk\annotations\2.17.273\annotations-2.17.273.jar;C:\Users\tahao\.m2\repository\software\amazon\awssdk\utils\2.17.273\utils-2.17.273.jar;C:\Users\tahao\.m2\repository\org\reactivestreams\reactive-streams\1.0.3\reactive-streams-1.0.3.jar;C:\Users\tahao\.m2\repository\org\slf4j\slf4j-api\1.7.30\slf4j-api-1.7.30.jar;C:\Users\tahao\.m2\repository\software\amazon\awssdk\sdk-core\2.17.273\sdk-core-2.17.273.jar;C:\Users\tahao\.m2\repository\software\amazon\awssdk\regions\2.17.273\regions-2.17.273.jar;C:\Users\tahao\.m2\repository\software\amazon\awssdk\profiles\2.17.273\profiles-2.17.273.jar;C:\Users\tahao\.m2\repository\software\amazon\awssdk\http-client-spi\2.17.273\http-client-spi-2.17.273.jar;C:\Users\tahao\.m2\repository\software\amazon\awssdk\json-utils\2.17.273\json-utils-2.17.273.jar;C:\Users\tahao\.m2\repository\software\amazon\awssdk\third-party-jackson-core\2.17.273\third-party-jackson-core-2.17.273.jar;C:\Users\tahao\.m2\repository\software\amazon\eventstream\eventstream\1.0.1\eventstream-1.0.1.jar;C:\Users\tahao\.m2\repository\software\amazon\awssdk\rekognition\2.17.273\rekognition-2.17.273.jar;C:\Users\tahao\.m2\repository\software\amazon\awssdk\aws-json-protocol\2.17.273\aws-json-protocol-2.17.273.jar;C:\Users\tahao\.m2\repository\software\amazon\awssdk\protocol-core\2.17.273\protocol-core-2.17.273.jar;C:\Users\tahao\.m2\repository\software\amazon\awssdk\aws-core\2.17.273\aws-core-2.17.273.jar;C:\Users\tahao\.m2\repository\software\amazon\awssdk\metrics-spi\2.17.273\metrics-spi-2.17.273.jar;C:\Users\tahao\.m2\repository\software\amazon\awssdk\apache-client\2.17.273\apache-client-2.17.273.jar;C:\Users\tahao\.m2\repository\org\apache\httpcomponents\httpclient\4.5.13\httpclient-4.5.13.jar;C:\Users\tahao\.m2\repository\commons-logging\commons-logging\1.2\commons-logging-1.2.jar;C:\Users\tahao\.m2\repository\commons-codec\commons-codec\1.11\commons-codec-1.11.jar;C:\Users\tahao\.m2\repository\org\apache\httpcomponents\httpcore\4.4.13\httpcore-4.4.13.jar;C:\Users\tahao\.m2\repository\software\amazon\awssdk\netty-nio-client\2.17.273\netty-nio-client-2.17.273.jar;C:\Users\tahao\.m2\repository\io\netty\netty-codec-http\4.1.77.Final\netty-codec-http-4.1.77.Final.jar;C:\Users\tahao\.m2\repository\io\netty\netty-codec-http2\4.1.77.Final\netty-codec-http2-4.1.77.Final.jar;C:\Users\tahao\.m2\repository\io\netty\netty-codec\4.1.77.Final\netty-codec-4.1.77.Final.jar;C:\Users\tahao\.m2\repository\io\netty\netty-transport\4.1.77.Final\netty-transport-4.1.77.Final.jar;C:\Users\tahao\.m2\repository\io\netty\netty-resolver\4.1.77.Final\netty-resolver-4.1.77.Final.jar;C:\Users\tahao\.m2\repository\io\netty\netty-common\4.1.77.Final\netty-common-4.1.77.Final.jar;C:\Users\tahao\.m2\repository\io\netty\netty-buffer\4.1.77.Final\netty-buffer-4.1.77.Final.jar;C:\Users\tahao\.m2\repository\io\netty\netty-handler\4.1.77.Final\netty-handler-4.1.77.Final.jar;C:\Users\tahao\.m2\repository\io\netty\netty-transport-classes-epoll\4.1.77.Final\netty-transport-classes-epoll-4.1.77.Final.jar;C:\Users\tahao\.m2\repository\io\netty\netty-transport-native-unix-common\4.1.77.Final\netty-transport-native-unix-common-4.1.77.Final.jar;C:\Users\tahao\.m2\repository\com\google\code\gson\gson\2.9.0\gson-2.9.0.jar;C:\Users\tahao\.m2\repository\com\miglayout\miglayout\3.7.4\miglayout-3.7.4.jar;C:\Users\tahao\.m2\repository\com\google\guava\guava\31.0.1-jre\guava-31.0.1-jre.jar;C:\Users\tahao\.m2\repository\com\google\guava\failureaccess\1.0.1\failureaccess-1.0.1.jar;C:\Users\tahao\.m2\repository\com\google\guava\listenablefuture\9999.0-empty-to-avoid-conflict-with-guava\listenablefuture-9999.0-empty-to-avoid-conflict-with-guava.jar;C:\Users\tahao\.m2\repository\com\google\code\findbugs\jsr305\3.0.2\jsr305-3.0.2.jar;C:\Users\tahao\.m2\repository\org\checkerframework\checker-qual\3.12.0\checker-qual-3.12.0.jar;C:\Users\tahao\.m2\repository\com\google\errorprone\error_prone_annotations\2.7.1\error_prone_annotations-2.7.1.jar;C:\Users\tahao\.m2\repository\com\google\j2objc\j2objc-annotations\1.3\j2objc-annotations-1.3.jar;C:\Users\tahao\.m2\repository\org\junit\jupiter\junit-jupiter-engine\5.9.1\junit-jupiter-engine-5.9.1.jar;C:\Users\tahao\.m2\repository\org\junit\platform\junit-platform-engine\1.9.1\junit-platform-engine-1.9.1.jar;C:\Users\tahao\.m2\repository\org\opentest4j\opentest4j\1.2.0\opentest4j-1.2.0.jar;C:\Users\tahao\.m2\repository\org\junit\platform\junit-platform-commons\1.9.1\junit-platform-commons-1.9.1.jar;C:\Users\tahao\.m2\repository\org\junit\jupiter\junit-jupiter-api\5.9.1\junit-jupiter-api-5.9.1.jar;C:\Users\tahao\.m2\repository\org\apiguardian\apiguardian-api\1.1.2\apiguardian-api-1.1.2.jar;C:\Users\tahao\.m2\repository\org\junit\jupiter\junit-jupiter-params\5.9.1\junit-jupiter-params-5.9.1.jar;C:\Users\tahao\.m2\repository\org\mockito\mockito-core\4.6.1\mockito-core-4.6.1.jar;C:\Users\tahao\.m2\repository\net\bytebuddy\byte-buddy\1.12.10\byte-buddy-1.12.10.jar;C:\Users\tahao\.m2\repository\net\bytebuddy\byte-buddy-agent\1.12.10\byte-buddy-agent-1.12.10.jar;C:\Users\tahao\.m2\repository\org\objenesis\objenesis\3.2\objenesis-3.2.jar;C:\Users\tahao\.m2\repository\org\mockito\mockito-junit-jupiter\4.6.1\mockito-junit-jupiter-4.6.1.jar;"/>
    <property name="java.vm.vendor" value="Oracle Corporation"/>
    <property name="sun.arch.data.model" value="64"/>
    <property name="user.variant" value=""/>
    <property name="java.vendor.url" value="https://java.oracle.com/"/>
    <property name="user.timezone" value="America/New_York"/>
    <property name="os.name" value="Windows 11"/>
    <property name="java.vm.specification.version" value="18"/>
    <property name="sun.java.launcher" value="SUN_STANDARD"/>
    <property name="user.country" value="US"/>
    <property name="sun.boot.library.path" value="C:\Program Files\Java\jdk-18.0.2.1\bin"/>
    <property name="sun.java.command" value="C:\Users\tahao\AppData\Local\Temp\surefire12091483464996642541\surefirebooter1500135141339773872.jar C:\Users\tahao\AppData\Local\Temp\surefire12091483464996642541 2022-10-22T20-08-36_519-jvmRun1 surefire14257101315443337482tmp surefire_014755232399957771435tmp"/>
    <property name="jdk.debug" value="release"/>
    <property name="surefire.test.class.path" value="C:\Users\tahao\OneDrive\Desktop\project 3\cd0384-java-application-deployment-projectstarter-master\starter\catpoint-parent\security\target\test-classes;C:\Users\tahao\OneDrive\Desktop\project 3\cd0384-java-application-deployment-projectstarter-master\starter\catpoint-parent\security\target\classes;C:\Users\tahao\OneDrive\Desktop\project 3\cd0384-java-application-deployment-projectstarter-master\starter\catpoint-parent\image\target\image-1.0-SNAPSHOT.jar;C:\Users\tahao\.m2\repository\software\amazon\awssdk\auth\2.17.273\auth-2.17.273.jar;C:\Users\tahao\.m2\repository\software\amazon\awssdk\annotations\2.17.273\annotations-2.17.273.jar;C:\Users\tahao\.m2\repository\software\amazon\awssdk\utils\2.17.273\utils-2.17.273.jar;C:\Users\tahao\.m2\repository\org\reactivestreams\reactive-streams\1.0.3\reactive-streams-1.0.3.jar;C:\Users\tahao\.m2\repository\org\slf4j\slf4j-api\1.7.30\slf4j-api-1.7.30.jar;C:\Users\tahao\.m2\repository\software\amazon\awssdk\sdk-core\2.17.273\sdk-core-2.17.273.jar;C:\Users\tahao\.m2\repository\software\amazon\awssdk\regions\2.17.273\regions-2.17.273.jar;C:\Users\tahao\.m2\repository\software\amazon\awssdk\profiles\2.17.273\profiles-2.17.273.jar;C:\Users\tahao\.m2\repository\software\amazon\awssdk\http-client-spi\2.17.273\http-client-spi-2.17.273.jar;C:\Users\tahao\.m2\repository\software\amazon\awssdk\json-utils\2.17.273\json-utils-2.17.273.jar;C:\Users\tahao\.m2\repository\software\amazon\awssdk\third-party-jackson-core\2.17.273\third-party-jackson-core-2.17.273.jar;C:\Users\tahao\.m2\repository\software\amazon\eventstream\eventstream\1.0.1\eventstream-1.0.1.jar;C:\Users\tahao\.m2\repository\software\amazon\awssdk\rekognition\2.17.273\rekognition-2.17.273.jar;C:\Users\tahao\.m2\repository\software\amazon\awssdk\aws-json-protocol\2.17.273\aws-json-protocol-2.17.273.jar;C:\Users\tahao\.m2\repository\software\amazon\awssdk\protocol-core\2.17.273\protocol-core-2.17.273.jar;C:\Users\tahao\.m2\repository\software\amazon\awssdk\aws-core\2.17.273\aws-core-2.17.273.jar;C:\Users\tahao\.m2\repository\software\amazon\awssdk\metrics-spi\2.17.273\metrics-spi-2.17.273.jar;C:\Users\tahao\.m2\repository\software\amazon\awssdk\apache-client\2.17.273\apache-client-2.17.273.jar;C:\Users\tahao\.m2\repository\org\apache\httpcomponents\httpclient\4.5.13\httpclient-4.5.13.jar;C:\Users\tahao\.m2\repository\commons-logging\commons-logging\1.2\commons-logging-1.2.jar;C:\Users\tahao\.m2\repository\commons-codec\commons-codec\1.11\commons-codec-1.11.jar;C:\Users\tahao\.m2\repository\org\apache\httpcomponents\httpcore\4.4.13\httpcore-4.4.13.jar;C:\Users\tahao\.m2\repository\software\amazon\awssdk\netty-nio-client\2.17.273\netty-nio-client-2.17.273.jar;C:\Users\tahao\.m2\repository\io\netty\netty-codec-http\4.1.77.Final\netty-codec-http-4.1.77.Final.jar;C:\Users\tahao\.m2\repository\io\netty\netty-codec-http2\4.1.77.Final\netty-codec-http2-4.1.77.Final.jar;C:\Users\tahao\.m2\repository\io\netty\netty-codec\4.1.77.Final\netty-codec-4.1.77.Final.jar;C:\Users\tahao\.m2\repository\io\netty\netty-transport\4.1.77.Final\netty-transport-4.1.77.Final.jar;C:\Users\tahao\.m2\repository\io\netty\netty-resolver\4.1.77.Final\netty-resolver-4.1.77.Final.jar;C:\Users\tahao\.m2\repository\io\netty\netty-common\4.1.77.Final\netty-common-4.1.77.Final.jar;C:\Users\tahao\.m2\repository\io\netty\netty-buffer\4.1.77.Final\netty-buffer-4.1.77.Final.jar;C:\Users\tahao\.m2\repository\io\netty\netty-handler\4.1.77.Final\netty-handler-4.1.77.Final.jar;C:\Users\tahao\.m2\repository\io\netty\netty-transport-classes-epoll\4.1.77.Final\netty-transport-classes-epoll-4.1.77.Final.jar;C:\Users\tahao\.m2\repository\io\netty\netty-transport-native-unix-common\4.1.77.Final\netty-transport-native-unix-common-4.1.77.Final.jar;C:\Users\tahao\.m2\repository\com\google\code\gson\gson\2.9.0\gson-2.9.0.jar;C:\Users\tahao\.m2\repository\com\miglayout\miglayout\3.7.4\miglayout-3.7.4.jar;C:\Users\tahao\.m2\repository\com\google\guava\guava\31.0.1-jre\guava-31.0.1-jre.jar;C:\Users\tahao\.m2\repository\com\google\guava\failureaccess\1.0.1\failureaccess-1.0.1.jar;C:\Users\tahao\.m2\repository\com\google\guava\listenablefuture\9999.0-empty-to-avoid-conflict-with-guava\listenablefuture-9999.0-empty-to-avoid-conflict-with-guava.jar;C:\Users\tahao\.m2\repository\com\google\code\findbugs\jsr305\3.0.2\jsr305-3.0.2.jar;C:\Users\tahao\.m2\repository\org\checkerframework\checker-qual\3.12.0\checker-qual-3.12.0.jar;C:\Users\tahao\.m2\repository\com\google\errorprone\error_prone_annotations\2.7.1\error_prone_annotations-2.7.1.jar;C:\Users\tahao\.m2\repository\com\google\j2objc\j2objc-annotations\1.3\j2objc-annotations-1.3.jar;C:\Users\tahao\.m2\repository\org\junit\jupiter\junit-jupiter-engine\5.9.1\junit-jupiter-engine-5.9.1.jar;C:\Users\tahao\.m2\repository\org\junit\platform\junit-platform-engine\1.9.1\junit-platform-engine-1.9.1.jar;C:\Users\tahao\.m2\repository\org\opentest4j\opentest4j\1.2.0\opentest4j-1.2.0.jar;C:\Users\tahao\.m2\repository\org\junit\platform\junit-platform-commons\1.9.1\junit-platform-commons-1.9.1.jar;C:\Users\tahao\.m2\repository\org\junit\jupiter\junit-jupiter-api\5.9.1\junit-jupiter-api-5.9.1.jar;C:\Users\tahao\.m2\repository\org\apiguardian\apiguardian-api\1.1.2\apiguardian-api-1.1.2.jar;C:\Users\tahao\.m2\repository\org\junit\jupiter\junit-jupiter-params\5.9.1\junit-jupiter-params-5.9.1.jar;C:\Users\tahao\.m2\repository\org\mockito\mockito-core\4.6.1\mockito-core-4.6.1.jar;C:\Users\tahao\.m2\repository\net\bytebuddy\byte-buddy\1.12.10\byte-buddy-1.12.10.jar;C:\Users\tahao\.m2\repository\net\bytebuddy\byte-buddy-agent\1.12.10\byte-buddy-agent-1.12.10.jar;C:\Users\tahao\.m2\repository\org\objenesis\objenesis\3.2\objenesis-3.2.jar;C:\Users\tahao\.m2\repository\org\mockito\mockito-junit-jupiter\4.6.1\mockito-junit-jupiter-4.6.1.jar;"/>
    <property name="sun.cpu.endian" value="little"/>
    <property name="user.home" value="C:\Users\tahao"/>
    <property name="user.language" value="en"/>
    <property name="java.specification.vendor" value="Oracle Corporation"/>
    <property name="java.version.date" value="2022-08-18"/>
    <property name="java.home" value="C:\Program Files\Java\jdk-18.0.2.1"/>
    <property name="file.separator" value="\"/>
    <property name="basedir" value="C:\Users\tahao\OneDrive\Desktop\project 3\cd0384-java-application-deployment-projectstarter-master\starter\catpoint-parent\security"/>
    <property name="java.vm.compressedOopsMode" value="Zero based"/>
    <property name="line.separator" value="&#10;"/>
    <property name="java.vm.specification.vendor" value="Oracle Corporation"/>
    <property name="java.specification.name" value="Java Platform API Specification"/>
    <property name="surefire.real.class.path" value="C:\Users\tahao\AppData\Local\Temp\surefire12091483464996642541\surefirebooter1500135141339773872.jar"/>
    <property name="user.script" value=""/>
    <property name="sun.management.compiler" value="HotSpot 64-Bit Tiered Compilers"/>
    <property name="java.runtime.version" value="18.0.2.1+1-1"/>
    <property name="user.name" value="tahao"/>
    <property name="path.separator" value=";"/>
    <property name="os.version" value="10.0"/>
    <property name="java.runtime.name" value="Java(TM) SE Runtime Environment"/>
    <property name="file.encoding" value="UTF-8"/>
    <property name="java.vm.name" value="Java HotSpot(TM) 64-Bit Server VM"/>
    <property name="localRepository" value="C:\Users\tahao\.m2\repository"/>
    <property name="java.vendor.url.bug" value="https://bugreport.java.com/bugreport/"/>
    <property name="java.io.tmpdir" value="C:\Users\tahao\AppData\Local\Temp\"/>
    <property name="java.version" value="18.0.2.1"/>
    <property name="user.dir" value="C:\Users\tahao\OneDrive\Desktop\project 3\cd0384-java-application-deployment-projectstarter-master\starter\catpoint-parent\security"/>
    <property name="os.arch" value="amd64"/>
    <property name="java.vm.specification.name" value="Java Virtual Machine Specification"/>
    <property name="sun.os.patch.level" value=""/>
    <property name="native.encoding" value="Cp1252"/>
    <property name="java.library.path" value="C:\Program Files\Java\jdk-18.0.2.1\bin;C:\WINDOWS\Sun\Java\bin;C:\WINDOWS\system32;C:\WINDOWS;C:\Program Files\Oculus\Support\oculus-runtime;C:\Program Files\Common Files\Oracle\Java\javapath;C:\Program Files (x86)\Common Files\Oracle\Java\javapath;C:\Windows\system32;C:\Windows;C:\Windows\System32\Wbem;C:\Windows\System32\WindowsPowerShell\v1.0\;C:\Windows\System32\OpenSSH\;C:\Program Files (x86)\NVIDIA Corporation\PhysX\Common;C:\Program Files\NVIDIA Corporation\NVIDIA NvDLISR;C:\WINDOWS\system32;C:\WINDOWS;C:\WINDOWS\System32\Wbem;C:\WINDOWS\System32\WindowsPowerShell\v1.0\;C:\WINDOWS\System32\OpenSSH\;C:\Program Files\dotnet\;C:\Program Files\Microsoft SQL Server\130\Tools\Binn\;C:\Program Files\Microsoft SQL Server\Client SDK\ODBC\170\Tools\Binn\;C:\Program Files (x86)\dotnet\;C:\Program Files\Java\jdk-16.0.2\bin;C:\Tools\apache-maven-3.8.6-bin\bin;C:\Program Files\Git\cmd;C:\Tools\apache-maven-3.8.4\bin;;C:\WINDOWS\system32;C:\WINDOWS;C:\WINDOWS\System32\Wbem;C:\WINDOWS\System32\WindowsPowerShell\v1.0\;C:\WINDOWS\System32\OpenSSH\;C:\Users\tahao\AppData\Local\Programs\Python\Python39\Scripts\;C:\Users\tahao\AppData\Local\Programs\Python\Python39\;C:\Users\tahao\AppData\Local\Microsoft\WindowsApps;C:\AppServ\Apache24\bin;C:\AppServ\php7;C:\AppServ\MySQL\bin;C:\Program Files\Bandizip\;C:\Users\tahao\.dotnet\tools;C:\Program Files (x86)\Nmap;C:\Program Files\JetBrains\IntelliJ IDEA Community Edition 2021.2.1\bin;;C:\Users\tahao\AppData\Local\Programs\Microsoft VS Code\bin;C:\Tools\apache-maven-3.8.6-bin\apache-maven-3.8.6\bin;C:\Tools\apache-maven-3.6.3-bin\apache-maven-3.6.3\bin;C:\Tools\apache-maven-3.8.4\bin;;."/>
    <property name="java.vm.info" value="mixed mode, sharing"/>
    <property name="java.vendor" value="Oracle Corporation"/>
    <property name="java.vm.version" value="18.0.2.1+1-1"/>
    <property name="sun.io.unicode.encoding" value="UnicodeLittle"/>
    <property name="java.class.version" value="62.0"/>
  </properties>
  <testcase name="test_add_delete_statusListeners" classname="com.udacity.catpoint.security.service.SecurityServiceTest" time="1.792"/>
  <testcase name="test_add_sensor_method" classname="com.udacity.catpoint.security.service.SecurityServiceTest" time="0.07"/>
  <testcase name="when_systemIsDisArmed" classname="com.udacity.catpoint.security.service.SecurityServiceTest" time="0.074"/>
  <testcase name="when_imageService_findNo_cat" classname="com.udacity.catpoint.security.service.SecurityServiceTest" time="0.249"/>
  <testcase name="when_alarmsStatusAsPendingAlarm_and_sensorsInactive" classname="com.udacity.catpoint.security.service.SecurityServiceTest" time="0.017"/>
  <testcase name="when_sensorActivated_and_SystemActive_alarmInPendingState" classname="com.udacity.catpoint.security.service.SecurityServiceTest" time="0.01"/>
  <testcase name="when_imageService_find_a_cat" classname="com.udacity.catpoint.security.service.SecurityServiceTest" time="0.009"/>
  <testcase name="when_alramArmed_and_seneorActivited(ArmingStatus)[1]" classname="com.udacity.catpoint.security.service.SecurityServiceTest" time="0.061"/>
  <testcase name="when_alramArmed_and_seneorActivited(ArmingStatus)[2]" classname="com.udacity.catpoint.security.service.SecurityServiceTest" time="0.012"/>
  <testcase name="when_alarmArmed_and_sensorActivated_andSysetemInPendingAlarm(ArmingStatus)[1]" classname="com.udacity.catpoint.security.service.SecurityServiceTest" time="0.019"/>
  <testcase name="when_alarmArmed_and_sensorActivated_andSysetemInPendingAlarm(ArmingStatus)[2]" classname="com.udacity.catpoint.security.service.SecurityServiceTest" time="0.02"/>
  <testcase name="when_sensorisNotActive" classname="com.udacity.catpoint.security.service.SecurityServiceTest" time="0.012"/>
  <testcase name="when_systemIsArmed_resetAllSensorstoInactive(ArmingStatus)[1]" classname="com.udacity.catpoint.security.service.SecurityServiceTest" time="0.301"/>
  <testcase name="when_systemIsArmed_resetAllSensorstoInactive(ArmingStatus)[2]" classname="com.udacity.catpoint.security.service.SecurityServiceTest" time="0.012"/>
  <testcase name="when_sensorisActive" classname="com.udacity.catpoint.security.service.SecurityServiceTest" time="0.014"/>
  <testcase name="when_sensorDEActivated_andSystemAlreadyActive" classname="com.udacity.catpoint.security.service.SecurityServiceTest" time="0.005"/>
  <testcase name="test_securityServices" classname="com.udacity.catpoint.security.service.SecurityServiceTest" time="0.004"/>
  <testcase name="when_alarmIsActive_and_changeSeneorState_shouldNotAffectState(boolean)[1]" classname="com.udacity.catpoint.security.service.SecurityServiceTest" time="0.014"/>
  <testcase name="when_alarmIsActive_and_changeSeneorState_shouldNotAffectState(boolean)[2]" classname="com.udacity.catpoint.security.service.SecurityServiceTest" time="0.009"/>
  <testcase name="test_getAlarmStaus_" classname="com.udacity.catpoint.security.service.SecurityServiceTest" time="0.006"/>
  <testcase name="when_systemIsArmedHome_and_cameraShowsCat" classname="com.udacity.catpoint.security.service.SecurityServiceTest" time="0.005"/>
</testsuite>